# JRE version: OpenJDK Runtime Environment (8.0_242-b08) (build 1.8.0_242-b08)
# Java VM: OpenJDK 64-Bit Server VM (25.242-b08 mixed mode windows-amd64 compressed oops)
Heap:
 PSYoungGen      total 268288K, used 74232K [0x00000000eab00000, 0x00000000ff580000, 0x0000000100000000)
  eden space 253440K, 29% used [0x00000000eab00000,0x00000000ef37e040,0x00000000fa280000)
  from space 14848K, 0% used [0x00000000fa280000,0x00000000fa280000,0x00000000fb100000)
  to   space 42496K, 0% used [0x00000000fcc00000,0x00000000fcc00000,0x00000000ff580000)
 ParOldGen       total 268288K, used 72214K [0x00000000c0000000, 0x00000000d0600000, 0x00000000eab00000)
  object space 268288K, 26% used [0x00000000c0000000,0x00000000c46859a0,0x00000000d0600000)
 Metaspace       used 83344K, capacity 86686K, committed 86784K, reserved 1126400K
  class space    used 9793K, capacity 10457K, committed 10496K, reserved 1048576K
GC Heap History (10 events):
Event: 196.961 GC heap before
{Heap before GC invocations=54 (full 7):
 PSYoungGen      total 297984K, used 64253K [0x00000000eab00000, 0x0000000100000000, 0x0000000100000000)
  eden space 250880K, 15% used [0x00000000eab00000,0x00000000ed207358,0x00000000fa000000)
  from space 47104K, 51% used [0x00000000fcf80000,0x00000000fe7382d0,0x00000000ffd80000)
  to   space 48640K, 0% used [0x00000000fa000000,0x00000000fa000000,0x00000000fcf80000)
 ParOldGen       total 268288K, used 128369K [0x00000000c0000000, 0x00000000d0600000, 0x00000000eab00000)
  object space 268288K, 47% used [0x00000000c0000000,0x00000000c7d5c5f0,0x00000000d0600000)
 Metaspace       used 73874K, capacity 76728K, committed 77056K, reserved 1118208K
  class space    used 8596K, capacity 9161K, committed 9216K, reserved 1048576K
Event: 197.106 GC heap after
Heap after GC invocations=54 (full 7):
 PSYoungGen      total 299520K, used 223K [0x00000000eab00000, 0x00000000ffd80000, 0x0000000100000000)
  eden space 250880K, 0% used [0x00000000eab00000,0x00000000eab00000,0x00000000fa000000)
  from space 48640K, 0% used [0x00000000fa000000,0x00000000fa037c18,0x00000000fcf80000)
  to   space 47104K, 0% used [0x00000000fcf80000,0x00000000fcf80000,0x00000000ffd80000)
 ParOldGen       total 268288K, used 128763K [0x00000000c0000000, 0x00000000d0600000, 0x00000000eab00000)
  object space 268288K, 47% used [0x00000000c0000000,0x00000000c7dbeee8,0x00000000d0600000)
 Metaspace       used 73874K, capacity 76728K, committed 77056K, reserved 1118208K
  class space    used 8596K, capacity 9161K, committed 9216K, reserved 1048576K
}
Event: 197.106 GC heap before
{Heap before GC invocations=55 (full 8):
 PSYoungGen      total 299520K, used 223K [0x00000000eab00000, 0x00000000ffd80000, 0x0000000100000000)
  eden space 250880K, 0% used [0x00000000eab00000,0x00000000eab00000,0x00000000fa000000)
  from space 48640K, 0% used [0x00000000fa000000,0x00000000fa037c18,0x00000000fcf80000)
  to   space 47104K, 0% used [0x00000000fcf80000,0x00000000fcf80000,0x00000000ffd80000)
 ParOldGen       total 268288K, used 128763K [0x00000000c0000000, 0x00000000d0600000, 0x00000000eab00000)
  object space 268288K, 47% used [0x00000000c0000000,0x00000000c7dbeee8,0x00000000d0600000)
 Metaspace       used 73874K, capacity 76728K, committed 77056K, reserved 1118208K
  class space    used 8596K, capacity 9161K, committed 9216K, reserved 1048576K
Event: 197.592 GC heap after
Heap after GC invocations=55 (full 8):
 PSYoungGen      total 299520K, used 0K [0x00000000eab00000, 0x00000000ffd80000, 0x0000000100000000)
  eden space 250880K, 0% used [0x00000000eab00000,0x00000000eab00000,0x00000000fa000000)
  from space 48640K, 0% used [0x00000000fa000000,0x00000000fa000000,0x00000000fcf80000)
  to   space 47104K, 0% used [0x00000000fcf80000,0x00000000fcf80000,0x00000000ffd80000)
 ParOldGen       total 268288K, used 88647K [0x00000000c0000000, 0x00000000d0600000, 0x00000000eab00000)
  object space 268288K, 33% used [0x00000000c0000000,0x00000000c5691c48,0x00000000d0600000)
 Metaspace       used 73874K, capacity 76728K, committed 77056K, reserved 1118208K
  class space    used 8596K, capacity 9161K, committed 9216K, reserved 1048576K
}
Event: 378.011 GC heap before
{Heap before GC invocations=56 (full 8):
 PSYoungGen      total 299520K, used 250880K [0x00000000eab00000, 0x00000000ffd80000, 0x0000000100000000)
  eden space 250880K, 100% used [0x00000000eab00000,0x00000000fa000000,0x00000000fa000000)
  from space 48640K, 0% used [0x00000000fa000000,0x00000000fa000000,0x00000000fcf80000)
  to   space 47104K, 0% used [0x00000000fcf80000,0x00000000fcf80000,0x00000000ffd80000)
 ParOldGen       total 268288K, used 88647K [0x00000000c0000000, 0x00000000d0600000, 0x00000000eab00000)
  object space 268288K, 33% used [0x00000000c0000000,0x00000000c5691c48,0x00000000d0600000)
 Metaspace       used 80528K, capacity 83704K, committed 83840K, reserved 1122304K
  class space    used 9431K, capacity 10041K, committed 10112K, reserved 1048576K
Event: 378.034 GC heap after
Heap after GC invocations=56 (full 8):
 PSYoungGen      total 296448K, used 14486K [0x00000000eab00000, 0x00000000ff980000, 0x0000000100000000)
  eden space 253440K, 0% used [0x00000000eab00000,0x00000000eab00000,0x00000000fa280000)
  from space 43008K, 33% used [0x00000000fcf80000,0x00000000fdda5aa8,0x00000000ff980000)
  to   space 44544K, 0% used [0x00000000fa280000,0x00000000fa280000,0x00000000fce00000)
 ParOldGen       total 268288K, used 88655K [0x00000000c0000000, 0x00000000d0600000, 0x00000000eab00000)
  object space 268288K, 33% used [0x00000000c0000000,0x00000000c5693c48,0x00000000d0600000)
 Metaspace       used 80528K, capacity 83704K, committed 83840K, reserved 1122304K
  class space    used 9431K, capacity 10041K, committed 10112K, reserved 1048576K
}
Event: 474.609 GC heap before
{Heap before GC invocations=57 (full 8):
 PSYoungGen      total 296448K, used 135301K [0x00000000eab00000, 0x00000000ff980000, 0x0000000100000000)
  eden space 253440K, 47% used [0x00000000eab00000,0x00000000f20fbc90,0x00000000fa280000)
  from space 43008K, 33% used [0x00000000fcf80000,0x00000000fdda5aa8,0x00000000ff980000)
  to   space 44544K, 0% used [0x00000000fa280000,0x00000000fa280000,0x00000000fce00000)
 ParOldGen       total 268288K, used 88655K [0x00000000c0000000, 0x00000000d0600000, 0x00000000eab00000)
  object space 268288K, 33% used [0x00000000c0000000,0x00000000c5693c48,0x00000000d0600000)
 Metaspace       used 82719K, capacity 85910K, committed 86144K, reserved 1124352K
  class space    used 9684K, capacity 10311K, committed 10368K, reserved 1048576K
Event: 474.634 GC heap after
Heap after GC invocations=57 (full 8):
 PSYoungGen      total 268288K, used 14516K [0x00000000eab00000, 0x00000000ff580000, 0x0000000100000000)
  eden space 253440K, 0% used [0x00000000eab00000,0x00000000eab00000,0x00000000fa280000)
  from space 14848K, 97% used [0x00000000fa280000,0x00000000fb0ad088,0x00000000fb100000)
  to   space 42496K, 0% used [0x00000000fcc00000,0x00000000fcc00000,0x00000000ff580000)
 ParOldGen       total 268288K, used 88663K [0x00000000c0000000, 0x00000000d0600000, 0x00000000eab00000)
  object space 268288K, 33% used [0x00000000c0000000,0x00000000c5695c48,0x00000000d0600000)
 Metaspace       used 82719K, capacity 85910K, committed 86144K, reserved 1124352K
  class space    used 9684K, capacity 10311K, committed 10368K, reserved 1048576K
}
Event: 474.634 GC heap before
{Heap before GC invocations=58 (full 9):
 PSYoungGen      total 268288K, used 14516K [0x00000000eab00000, 0x00000000ff580000, 0x0000000100000000)
  eden space 253440K, 0% used [0x00000000eab00000,0x00000000eab00000,0x00000000fa280000)
  from space 14848K, 97% used [0x00000000fa280000,0x00000000fb0ad088,0x00000000fb100000)
  to   space 42496K, 0% used [0x00000000fcc00000,0x00000000fcc00000,0x00000000ff580000)
 ParOldGen       total 268288K, used 88663K [0x00000000c0000000, 0x00000000d0600000, 0x00000000eab00000)
  object space 268288K, 33% used [0x00000000c0000000,0x00000000c5695c48,0x00000000d0600000)
 Metaspace       used 82719K, capacity 85910K, committed 86144K, reserved 1124352K
  class space    used 9684K, capacity 10311K, committed 10368K, reserved 1048576K
Event: 475.203 GC heap after
Heap after GC invocations=58 (full 9):
 PSYoungGen      total 268288K, used 0K [0x00000000eab00000, 0x00000000ff580000, 0x0000000100000000)
  eden space 253440K, 0% used [0x00000000eab00000,0x00000000eab00000,0x00000000fa280000)
  from space 14848K, 0% used [0x00000000fa280000,0x00000000fa280000,0x00000000fb100000)
  to   space 42496K, 0% used [0x00000000fcc00000,0x00000000fcc00000,0x00000000ff580000)
 ParOldGen       total 268288K, used 72214K [0x00000000c0000000, 0x00000000d0600000, 0x00000000eab00000)
  object space 268288K, 26% used [0x00000000c0000000,0x00000000c46859a0,0x00000000d0600000)
 Metaspace       used 82711K, capacity 85886K, committed 86144K, reserved 1124352K
  class space    used 9681K, capacity 10307K, committed 10368K, reserved 1048576K
}

