# JRE version: OpenJDK Runtime Environment (8.0_242-b08) (build 1.8.0_242-b08)
# Java VM: OpenJDK 64-Bit Server VM (25.242-b08 mixed mode windows-amd64 compressed oops)
Heap:
 PSYoungGen      total 664576K, used 306598K [0x0000000780000000, 0x00000007aa780000, 0x00000007c0000000)
  eden space 638464K, 44% used [0x0000000780000000,0x00000007913cbbf8,0x00000007a6f80000)
  from space 26112K, 92% used [0x00000007a6f80000,0x00000007a871dee8,0x00000007a8900000)
  to   space 28160K, 0% used [0x00000007a8c00000,0x00000007a8c00000,0x00000007aa780000)
 ParOldGen       total 273408K, used 158427K [0x0000000700000000, 0x0000000710b00000, 0x0000000780000000)
  object space 273408K, 57% used [0x0000000700000000,0x0000000709ab6fa0,0x0000000710b00000)
 Metaspace       used 11726K, capacity 12274K, committed 12544K, reserved 1060864K
  class space    used 1102K, capacity 1245K, committed 1280K, reserved 1048576K
GC Heap History (10 events):
Event: 386.011 GC heap before
{Heap before GC invocations=66 (full 1):
 PSYoungGen      total 657920K, used 650260K [0x0000000780000000, 0x00000007a9d00000, 0x00000007c0000000)
  eden space 634880K, 100% used [0x0000000780000000,0x00000007a6c00000,0x00000007a6c00000)
  from space 23040K, 66% used [0x00000007a8680000,0x00000007a9585200,0x00000007a9d00000)
  to   space 25088K, 0% used [0x00000007a6c00000,0x00000007a6c00000,0x00000007a8480000)
 ParOldGen       total 273408K, used 157930K [0x0000000700000000, 0x0000000710b00000, 0x0000000780000000)
  object space 273408K, 57% used [0x0000000700000000,0x0000000709a3a9c0,0x0000000710b00000)
 Metaspace       used 11688K, capacity 12178K, committed 12288K, reserved 1060864K
  class space    used 1095K, capacity 1213K, committed 1280K, reserved 1048576K
Event: 386.029 GC heap after
Heap after GC invocations=66 (full 1):
 PSYoungGen      total 659968K, used 25037K [0x0000000780000000, 0x00000007aa580000, 0x00000007c0000000)
  eden space 634880K, 0% used [0x0000000780000000,0x0000000780000000,0x00000007a6c00000)
  from space 25088K, 99% used [0x00000007a6c00000,0x00000007a84737c0,0x00000007a8480000)
  to   space 28160K, 0% used [0x00000007a8a00000,0x00000007a8a00000,0x00000007aa580000)
 ParOldGen       total 273408K, used 158058K [0x0000000700000000, 0x0000000710b00000, 0x0000000780000000)
  object space 273408K, 57% used [0x0000000700000000,0x0000000709a5a9c0,0x0000000710b00000)
 Metaspace       used 11688K, capacity 12178K, committed 12288K, reserved 1060864K
  class space    used 1095K, capacity 1213K, committed 1280K, reserved 1048576K
}
Event: 409.021 GC heap before
{Heap before GC invocations=67 (full 1):
 PSYoungGen      total 659968K, used 659917K [0x0000000780000000, 0x00000007aa580000, 0x00000007c0000000)
  eden space 634880K, 100% used [0x0000000780000000,0x00000007a6c00000,0x00000007a6c00000)
  from space 25088K, 99% used [0x00000007a6c00000,0x00000007a84737c0,0x00000007a8480000)
  to   space 28160K, 0% used [0x00000007a8a00000,0x00000007a8a00000,0x00000007aa580000)
 ParOldGen       total 273408K, used 158058K [0x0000000700000000, 0x0000000710b00000, 0x0000000780000000)
  object space 273408K, 57% used [0x0000000700000000,0x0000000709a5a9c0,0x0000000710b00000)
 Metaspace       used 11689K, capacity 12178K, committed 12288K, reserved 1060864K
  class space    used 1095K, capacity 1213K, committed 1280K, reserved 1048576K
Event: 409.032 GC heap after
Heap after GC invocations=67 (full 1):
 PSYoungGen      total 662528K, used 16500K [0x0000000780000000, 0x00000007aa300000, 0x00000007c0000000)
  eden space 636928K, 0% used [0x0000000780000000,0x0000000780000000,0x00000007a6e00000)
  from space 25600K, 64% used [0x00000007a8a00000,0x00000007a9a1d078,0x00000007aa300000)
  to   space 27136K, 0% used [0x00000007a6e00000,0x00000007a6e00000,0x00000007a8880000)
 ParOldGen       total 273408K, used 158082K [0x0000000700000000, 0x0000000710b00000, 0x0000000780000000)
  object space 273408K, 57% used [0x0000000700000000,0x0000000709a609c0,0x0000000710b00000)
 Metaspace       used 11689K, capacity 12178K, committed 12288K, reserved 1060864K
  class space    used 1095K, capacity 1213K, committed 1280K, reserved 1048576K
}
Event: 477.730 GC heap before
{Heap before GC invocations=68 (full 1):
 PSYoungGen      total 662528K, used 653428K [0x0000000780000000, 0x00000007aa300000, 0x00000007c0000000)
  eden space 636928K, 100% used [0x0000000780000000,0x00000007a6e00000,0x00000007a6e00000)
  from space 25600K, 64% used [0x00000007a8a00000,0x00000007a9a1d078,0x00000007aa300000)
  to   space 27136K, 0% used [0x00000007a6e00000,0x00000007a6e00000,0x00000007a8880000)
 ParOldGen       total 273408K, used 158247K [0x0000000700000000, 0x0000000710b00000, 0x0000000780000000)
  object space 273408K, 57% used [0x0000000700000000,0x0000000709a89fa8,0x0000000710b00000)
 Metaspace       used 11691K, capacity 12178K, committed 12288K, reserved 1060864K
  class space    used 1095K, capacity 1213K, committed 1280K, reserved 1048576K
Event: 477.765 GC heap after
Heap after GC invocations=68 (full 1):
 PSYoungGen      total 664064K, used 12170K [0x0000000780000000, 0x00000007aa380000, 0x00000007c0000000)
  eden space 636928K, 0% used [0x0000000780000000,0x0000000780000000,0x00000007a6e00000)
  from space 27136K, 44% used [0x00000007a6e00000,0x00000007a79e2a38,0x00000007a8880000)
  to   space 26624K, 0% used [0x00000007a8980000,0x00000007a8980000,0x00000007aa380000)
 ParOldGen       total 273408K, used 158263K [0x0000000700000000, 0x0000000710b00000, 0x0000000780000000)
  object space 273408K, 57% used [0x0000000700000000,0x0000000709a8dfa8,0x0000000710b00000)
 Metaspace       used 11691K, capacity 12178K, committed 12288K, reserved 1060864K
  class space    used 1095K, capacity 1213K, committed 1280K, reserved 1048576K
}
Event: 528.508 GC heap before
{Heap before GC invocations=69 (full 1):
 PSYoungGen      total 664064K, used 649098K [0x0000000780000000, 0x00000007aa380000, 0x00000007c0000000)
  eden space 636928K, 100% used [0x0000000780000000,0x00000007a6e00000,0x00000007a6e00000)
  from space 27136K, 44% used [0x00000007a6e00000,0x00000007a79e2a38,0x00000007a8880000)
  to   space 26624K, 0% used [0x00000007a8980000,0x00000007a8980000,0x00000007aa380000)
 ParOldGen       total 273408K, used 158265K [0x0000000700000000, 0x0000000710b00000, 0x0000000780000000)
  object space 273408K, 57% used [0x0000000700000000,0x0000000709a8e790,0x0000000710b00000)
 Metaspace       used 11696K, capacity 12178K, committed 12288K, reserved 1060864K
  class space    used 1097K, capacity 1213K, committed 1280K, reserved 1048576K
Event: 528.521 GC heap after
Heap after GC invocations=69 (full 1):
 PSYoungGen      total 664064K, used 16522K [0x0000000780000000, 0x00000007aa280000, 0x00000007c0000000)
  eden space 638464K, 0% used [0x0000000780000000,0x0000000780000000,0x00000007a6f80000)
  from space 25600K, 64% used [0x00000007a8980000,0x00000007a99a28d0,0x00000007aa280000)
  to   space 26112K, 0% used [0x00000007a6f80000,0x00000007a6f80000,0x00000007a8900000)
 ParOldGen       total 273408K, used 158355K [0x0000000700000000, 0x0000000710b00000, 0x0000000780000000)
  object space 273408K, 57% used [0x0000000700000000,0x0000000709aa4fa0,0x0000000710b00000)
 Metaspace       used 11696K, capacity 12178K, committed 12288K, reserved 1060864K
  class space    used 1097K, capacity 1213K, committed 1280K, reserved 1048576K
}
Event: 547.901 GC heap before
{Heap before GC invocations=70 (full 1):
 PSYoungGen      total 664064K, used 654986K [0x0000000780000000, 0x00000007aa280000, 0x00000007c0000000)
  eden space 638464K, 100% used [0x0000000780000000,0x00000007a6f80000,0x00000007a6f80000)
  from space 25600K, 64% used [0x00000007a8980000,0x00000007a99a28d0,0x00000007aa280000)
  to   space 26112K, 0% used [0x00000007a6f80000,0x00000007a6f80000,0x00000007a8900000)
 ParOldGen       total 273408K, used 158355K [0x0000000700000000, 0x0000000710b00000, 0x0000000780000000)
  object space 273408K, 57% used [0x0000000700000000,0x0000000709aa4fa0,0x0000000710b00000)
 Metaspace       used 11705K, capacity 12210K, committed 12288K, reserved 1060864K
  class space    used 1100K, capacity 1245K, committed 1280K, reserved 1048576K
Event: 547.919 GC heap after
Heap after GC invocations=70 (full 1):
 PSYoungGen      total 664576K, used 24183K [0x0000000780000000, 0x00000007aa780000, 0x00000007c0000000)
  eden space 638464K, 0% used [0x0000000780000000,0x0000000780000000,0x00000007a6f80000)
  from space 26112K, 92% used [0x00000007a6f80000,0x00000007a871dee8,0x00000007a8900000)
  to   space 28160K, 0% used [0x00000007a8c00000,0x00000007a8c00000,0x00000007aa780000)
 ParOldGen       total 273408K, used 158427K [0x0000000700000000, 0x0000000710b00000, 0x0000000780000000)
  object space 273408K, 57% used [0x0000000700000000,0x0000000709ab6fa0,0x0000000710b00000)
 Metaspace       used 11705K, capacity 12210K, committed 12288K, reserved 1060864K
  class space    used 1100K, capacity 1245K, committed 1280K, reserved 1048576K
}

